2022-03-24 17:11:18,402 [Worker-6: Loading available Gradle versions] INFO  o.e.b.c.i.u.g.PublishedGradleVersions - Gradle version information cache is out-of-date. Trying to update.
2022-03-24 17:27:21,673 [Worker-6: Loading available Gradle versions] INFO  o.e.b.c.i.u.g.PublishedGradleVersions - Gradle version information cache is up-to-date. Trying to read.
2022-03-24 17:28:02,165 [Worker-0: Loading available Gradle versions] INFO  o.e.b.c.i.u.g.PublishedGradleVersions - Gradle version information cache is up-to-date. Trying to read.
2022-03-24 17:29:40,403 [Worker-6: Loading available Gradle versions] INFO  o.e.b.c.i.u.g.PublishedGradleVersions - Gradle version information cache is up-to-date. Trying to read.
2022-03-25 09:02:37,011 [Worker-5: Loading available Gradle versions] INFO  o.e.b.c.i.u.g.PublishedGradleVersions - Gradle version information cache is up-to-date. Trying to read.
2022-03-25 11:58:57,796 [Worker-2: Loading available Gradle versions] INFO  o.e.b.c.i.u.g.PublishedGradleVersions - Gradle version information cache is up-to-date. Trying to read.
2022-03-25 15:39:13,670 [Worker-2: Loading available Gradle versions] INFO  o.e.b.c.i.u.g.PublishedGradleVersions - Gradle version information cache is up-to-date. Trying to read.
2022-03-25 16:27:22,643 [Worker-2: Loading available Gradle versions] INFO  o.e.b.c.i.u.g.PublishedGradleVersions - Gradle version information cache is up-to-date. Trying to read.
2022-03-25 16:30:55,344 [Worker-2: Loading available Gradle versions] INFO  o.e.b.c.i.u.g.PublishedGradleVersions - Gradle version information cache is up-to-date. Trying to read.
2022-03-25 16:31:15,057 [Worker-7: Building] INFO  o.t.e.e.builder.ThymeleafBuilder - Unvalidating HTML files for Thymeleaf attribute processors.  Build kind: full
2022-03-25 16:31:15,068 [Worker-7: Building] INFO  o.t.e.e.builder.ThymeleafBuilder - Checking project: BootBasic
2022-03-25 16:35:53,154 [Worker-4: Loading available Gradle versions] INFO  o.e.b.c.i.u.g.PublishedGradleVersions - Gradle version information cache is up-to-date. Trying to read.
2022-03-25 16:37:14,221 [main] INFO  o.t.e.e.d.ProjectDependencyDialectLocator - Scanning for dialect help files on project dependencies
2022-03-25 16:37:14,427 [pool-9-thread-4] INFO  o.t.e.e.d.ProjectDependencyDialectLocator - Help file found: Java8Time.xml
2022-03-25 16:37:14,462 [pool-9-thread-4] INFO  o.t.e.e.d.ProjectDependencyDialectLocator - Help file found: Standard-Dialect.xml
2022-03-25 16:38:45,762 [Worker-9: Building] INFO  o.t.e.e.builder.ThymeleafBuilder - Unvalidating HTML files for Thymeleaf attribute processors.  Build kind: auto
2022-03-25 16:38:45,774 [Worker-9: Building] INFO  o.t.e.e.builder.ThymeleafBuilder - Unvalidating resource: /BootBasic/bin/main/templates/home.html
2022-03-25 16:38:45,777 [Worker-9: Building] INFO  o.t.e.e.builder.ThymeleafBuilder - Unvalidating resource: /BootBasic/src/main/resources/templates/home.html
2022-03-25 16:40:30,169 [Worker-9: Building] INFO  o.t.e.e.builder.ThymeleafBuilder - Unvalidating HTML files for Thymeleaf attribute processors.  Build kind: auto
2022-03-25 16:40:30,170 [Worker-9: Building] INFO  o.t.e.e.builder.ThymeleafBuilder - Unvalidating resource: /BootBasic/bin/main/templates/home.html
2022-03-25 16:40:30,171 [Worker-9: Building] INFO  o.t.e.e.builder.ThymeleafBuilder - Unvalidating resource: /BootBasic/src/main/resources/templates/home.html
2022-03-28 09:01:10,999 [Worker-6: Loading available Gradle versions] INFO  o.e.b.c.i.u.g.PublishedGradleVersions - Gradle version information cache is out-of-date. Trying to update.
2022-03-28 09:35:44,261 [Worker-18: Building] INFO  o.t.e.e.builder.ThymeleafBuilder - Unvalidating HTML files for Thymeleaf attribute processors.  Build kind: auto
2022-03-28 09:36:24,340 [Worker-17: Building] INFO  o.t.e.e.builder.ThymeleafBuilder - Unvalidating HTML files for Thymeleaf attribute processors.  Build kind: auto
2022-03-28 09:36:24,352 [Worker-17: Building] INFO  o.t.e.e.builder.ThymeleafBuilder - Unvalidating resource: /BootBasic/bin/main/templates/view/ex01.html
2022-03-28 09:36:24,356 [Worker-17: Building] INFO  o.t.e.e.builder.ThymeleafBuilder - Unvalidating resource: /BootBasic/src/main/resources/templates/view/ex01.html
2022-03-28 09:37:10,783 [Worker-19: Building] INFO  o.t.e.e.builder.ThymeleafBuilder - Unvalidating HTML files for Thymeleaf attribute processors.  Build kind: auto
2022-03-28 09:37:10,784 [Worker-19: Building] INFO  o.t.e.e.builder.ThymeleafBuilder - Unvalidating resource: /BootBasic/bin/main/templates/view/ex01.html
2022-03-28 09:37:10,784 [Worker-19: Building] INFO  o.t.e.e.builder.ThymeleafBuilder - Unvalidating resource: /BootBasic/src/main/resources/templates/view/ex01.html
2022-03-28 09:37:32,031 [Worker-16: Building] INFO  o.t.e.e.builder.ThymeleafBuilder - Unvalidating HTML files for Thymeleaf attribute processors.  Build kind: auto
2022-03-28 09:37:32,031 [Worker-16: Building] INFO  o.t.e.e.builder.ThymeleafBuilder - Unvalidating resource: /BootBasic/bin/main/templates/view/ex01.html
2022-03-28 09:37:32,031 [Worker-16: Building] INFO  o.t.e.e.builder.ThymeleafBuilder - Unvalidating resource: /BootBasic/src/main/resources/templates/view/ex01.html
2022-03-28 09:38:08,548 [Worker-16: Building] INFO  o.t.e.e.builder.ThymeleafBuilder - Unvalidating HTML files for Thymeleaf attribute processors.  Build kind: auto
2022-03-28 09:38:20,766 [Worker-18: Building] INFO  o.t.e.e.builder.ThymeleafBuilder - Unvalidating HTML files for Thymeleaf attribute processors.  Build kind: auto
2022-03-28 09:40:34,558 [Worker-21: Building] INFO  o.t.e.e.builder.ThymeleafBuilder - Unvalidating HTML files for Thymeleaf attribute processors.  Build kind: auto
2022-03-28 09:42:42,353 [Worker-20: Building] INFO  o.t.e.e.builder.ThymeleafBuilder - Unvalidating HTML files for Thymeleaf attribute processors.  Build kind: auto
2022-03-28 09:42:42,354 [Worker-20: Building] INFO  o.t.e.e.builder.ThymeleafBuilder - Unvalidating resource: /BootBasic/bin/main/templates/view/ex01.html
2022-03-28 09:42:42,354 [Worker-20: Building] INFO  o.t.e.e.builder.ThymeleafBuilder - Unvalidating resource: /BootBasic/src/main/resources/templates/view/ex01.html
2022-03-28 09:44:35,591 [Worker-22: Building] INFO  o.t.e.e.builder.ThymeleafBuilder - Unvalidating HTML files for Thymeleaf attribute processors.  Build kind: auto
2022-03-28 09:44:35,592 [Worker-22: Building] INFO  o.t.e.e.builder.ThymeleafBuilder - Unvalidating resource: /BootBasic/bin/main/templates/view/ex01.html
2022-03-28 09:44:35,592 [Worker-22: Building] INFO  o.t.e.e.builder.ThymeleafBuilder - Unvalidating resource: /BootBasic/src/main/resources/templates/view/ex01.html
2022-03-28 09:46:14,669 [Worker-26: Building] INFO  o.t.e.e.builder.ThymeleafBuilder - Unvalidating HTML files for Thymeleaf attribute processors.  Build kind: auto
2022-03-28 09:46:14,670 [Worker-26: Building] INFO  o.t.e.e.builder.ThymeleafBuilder - Unvalidating resource: /BootBasic/bin/main/templates/view/ex01.html
2022-03-28 09:46:14,670 [Worker-26: Building] INFO  o.t.e.e.builder.ThymeleafBuilder - Unvalidating resource: /BootBasic/src/main/resources/templates/view/ex01.html
2022-03-28 09:47:22,494 [Worker-18: Building] INFO  o.t.e.e.builder.ThymeleafBuilder - Unvalidating HTML files for Thymeleaf attribute processors.  Build kind: auto
2022-03-28 09:47:22,494 [Worker-18: Building] INFO  o.t.e.e.builder.ThymeleafBuilder - Unvalidating resource: /BootBasic/bin/main/templates/view/ex01.html
2022-03-28 09:47:22,494 [Worker-18: Building] INFO  o.t.e.e.builder.ThymeleafBuilder - Unvalidating resource: /BootBasic/src/main/resources/templates/view/ex01.html
2022-03-28 09:50:30,169 [Worker-27: Building] INFO  o.t.e.e.builder.ThymeleafBuilder - Unvalidating HTML files for Thymeleaf attribute processors.  Build kind: auto
2022-03-28 09:50:30,170 [Worker-27: Building] INFO  o.t.e.e.builder.ThymeleafBuilder - Unvalidating resource: /BootBasic/bin/main/templates/view/ex01.html
2022-03-28 09:50:30,171 [Worker-27: Building] INFO  o.t.e.e.builder.ThymeleafBuilder - Unvalidating resource: /BootBasic/src/main/resources/templates/view/ex01.html
2022-03-28 10:10:55,838 [Worker-29: Building] INFO  o.t.e.e.builder.ThymeleafBuilder - Unvalidating HTML files for Thymeleaf attribute processors.  Build kind: auto
2022-03-28 10:10:55,838 [Worker-29: Building] INFO  o.t.e.e.builder.ThymeleafBuilder - Unvalidating resource: /BootBasic/bin/main/templates/view/ex01.html
2022-03-28 10:10:55,838 [Worker-29: Building] INFO  o.t.e.e.builder.ThymeleafBuilder - Unvalidating resource: /BootBasic/src/main/resources/templates/view/ex01.html
2022-03-28 10:13:43,203 [Worker-32: Building] INFO  o.t.e.e.builder.ThymeleafBuilder - Unvalidating HTML files for Thymeleaf attribute processors.  Build kind: auto
2022-03-28 10:13:43,204 [Worker-32: Building] INFO  o.t.e.e.builder.ThymeleafBuilder - Unvalidating resource: /BootBasic/bin/main/templates/view/ex01.html
2022-03-28 10:13:43,204 [Worker-32: Building] INFO  o.t.e.e.builder.ThymeleafBuilder - Unvalidating resource: /BootBasic/src/main/resources/templates/view/ex01.html
2022-03-28 10:14:40,465 [main] INFO  o.t.e.e.d.ProjectDependencyDialectLocator - Scanning for dialect help files on project dependencies
2022-03-28 10:14:40,540 [pool-13-thread-9] INFO  o.t.e.e.d.ProjectDependencyDialectLocator - Help file found: Java8Time.xml
2022-03-28 10:14:40,549 [pool-13-thread-7] INFO  o.t.e.e.d.ProjectDependencyDialectLocator - Help file found: Standard-Dialect.xml
2022-03-28 10:15:14,064 [Worker-32: Building] INFO  o.t.e.e.builder.ThymeleafBuilder - Unvalidating HTML files for Thymeleaf attribute processors.  Build kind: auto
2022-03-28 10:15:14,064 [Worker-32: Building] INFO  o.t.e.e.builder.ThymeleafBuilder - Unvalidating resource: /BootBasic/bin/main/templates/view/ex01.html
2022-03-28 10:15:14,064 [Worker-32: Building] INFO  o.t.e.e.builder.ThymeleafBuilder - Unvalidating resource: /BootBasic/src/main/resources/templates/view/ex01.html
2022-03-28 10:16:43,945 [Worker-34: Building] INFO  o.t.e.e.builder.ThymeleafBuilder - Unvalidating HTML files for Thymeleaf attribute processors.  Build kind: auto
2022-03-28 10:16:43,945 [Worker-34: Building] INFO  o.t.e.e.builder.ThymeleafBuilder - Unvalidating resource: /BootBasic/bin/main/templates/view/ex01.html
2022-03-28 10:16:43,945 [Worker-34: Building] INFO  o.t.e.e.builder.ThymeleafBuilder - Unvalidating resource: /BootBasic/src/main/resources/templates/view/ex01.html
2022-03-28 10:18:18,975 [Worker-32: Building] INFO  o.t.e.e.builder.ThymeleafBuilder - Unvalidating HTML files for Thymeleaf attribute processors.  Build kind: auto
2022-03-28 10:18:18,975 [Worker-32: Building] INFO  o.t.e.e.builder.ThymeleafBuilder - Unvalidating resource: /BootBasic/bin/main/templates/view/ex01.html
2022-03-28 10:18:18,975 [Worker-32: Building] INFO  o.t.e.e.builder.ThymeleafBuilder - Unvalidating resource: /BootBasic/src/main/resources/templates/view/ex01.html
2022-03-28 10:19:09,281 [Worker-34: Building] INFO  o.t.e.e.builder.ThymeleafBuilder - Unvalidating HTML files for Thymeleaf attribute processors.  Build kind: auto
2022-03-28 10:19:09,282 [Worker-34: Building] INFO  o.t.e.e.builder.ThymeleafBuilder - Unvalidating resource: /BootBasic/bin/main/templates/view/ex01.html
2022-03-28 10:19:09,282 [Worker-34: Building] INFO  o.t.e.e.builder.ThymeleafBuilder - Unvalidating resource: /BootBasic/src/main/resources/templates/view/ex01.html
2022-03-28 10:19:19,513 [Worker-36: Building] INFO  o.t.e.e.builder.ThymeleafBuilder - Unvalidating HTML files for Thymeleaf attribute processors.  Build kind: auto
2022-03-28 10:19:19,513 [Worker-36: Building] INFO  o.t.e.e.builder.ThymeleafBuilder - Unvalidating resource: /BootBasic/bin/main/templates/view/ex01.html
2022-03-28 10:19:19,513 [Worker-36: Building] INFO  o.t.e.e.builder.ThymeleafBuilder - Unvalidating resource: /BootBasic/src/main/resources/templates/view/ex01.html
2022-03-28 10:20:13,284 [Worker-34: Building] INFO  o.t.e.e.builder.ThymeleafBuilder - Unvalidating HTML files for Thymeleaf attribute processors.  Build kind: auto
2022-03-28 10:20:13,284 [Worker-34: Building] INFO  o.t.e.e.builder.ThymeleafBuilder - Unvalidating resource: /BootBasic/bin/main/templates/view/ex01.html
2022-03-28 10:20:13,284 [Worker-34: Building] INFO  o.t.e.e.builder.ThymeleafBuilder - Unvalidating resource: /BootBasic/src/main/resources/templates/view/ex01.html
2022-03-28 10:22:31,738 [Worker-38: Building] INFO  o.t.e.e.builder.ThymeleafBuilder - Unvalidating HTML files for Thymeleaf attribute processors.  Build kind: auto
2022-03-28 10:22:31,738 [Worker-38: Building] INFO  o.t.e.e.builder.ThymeleafBuilder - Unvalidating resource: /BootBasic/bin/main/templates/view/ex01.html
2022-03-28 10:22:31,739 [Worker-38: Building] INFO  o.t.e.e.builder.ThymeleafBuilder - Unvalidating resource: /BootBasic/src/main/resources/templates/view/ex01.html
2022-03-28 10:24:11,098 [Worker-35: Building] INFO  o.t.e.e.builder.ThymeleafBuilder - Unvalidating HTML files for Thymeleaf attribute processors.  Build kind: auto
2022-03-28 10:24:11,098 [Worker-35: Building] INFO  o.t.e.e.builder.ThymeleafBuilder - Unvalidating resource: /BootBasic/bin/main/templates/view/ex01.html
2022-03-28 10:24:11,098 [Worker-35: Building] INFO  o.t.e.e.builder.ThymeleafBuilder - Unvalidating resource: /BootBasic/src/main/resources/templates/view/ex01.html
2022-03-28 10:24:51,098 [Worker-38: Building] INFO  o.t.e.e.builder.ThymeleafBuilder - Unvalidating HTML files for Thymeleaf attribute processors.  Build kind: auto
2022-03-28 10:24:51,098 [Worker-38: Building] INFO  o.t.e.e.builder.ThymeleafBuilder - Unvalidating resource: /BootBasic/bin/main/templates/view/ex01.html
2022-03-28 10:24:51,098 [Worker-38: Building] INFO  o.t.e.e.builder.ThymeleafBuilder - Unvalidating resource: /BootBasic/src/main/resources/templates/view/ex01.html
2022-03-28 10:25:21,219 [Worker-39: Building] INFO  o.t.e.e.builder.ThymeleafBuilder - Unvalidating HTML files for Thymeleaf attribute processors.  Build kind: auto
2022-03-28 10:25:21,219 [Worker-39: Building] INFO  o.t.e.e.builder.ThymeleafBuilder - Unvalidating resource: /BootBasic/bin/main/templates/view/ex01.html
2022-03-28 10:25:21,219 [Worker-39: Building] INFO  o.t.e.e.builder.ThymeleafBuilder - Unvalidating resource: /BootBasic/src/main/resources/templates/view/ex01.html
2022-03-28 10:25:30,919 [Worker-39: Building] INFO  o.t.e.e.builder.ThymeleafBuilder - Unvalidating HTML files for Thymeleaf attribute processors.  Build kind: auto
2022-03-28 10:25:30,920 [Worker-39: Building] INFO  o.t.e.e.builder.ThymeleafBuilder - Unvalidating resource: /BootBasic/bin/main/templates/view/ex01.html
2022-03-28 10:25:30,920 [Worker-39: Building] INFO  o.t.e.e.builder.ThymeleafBuilder - Unvalidating resource: /BootBasic/src/main/resources/templates/view/ex01.html
2022-03-28 10:28:51,468 [Worker-22: Building] INFO  o.t.e.e.builder.ThymeleafBuilder - Unvalidating HTML files for Thymeleaf attribute processors.  Build kind: auto
2022-03-28 10:28:51,468 [Worker-22: Building] INFO  o.t.e.e.builder.ThymeleafBuilder - Unvalidating resource: /BootBasic/bin/main/templates/view/ex01.html
2022-03-28 10:28:51,468 [Worker-22: Building] INFO  o.t.e.e.builder.ThymeleafBuilder - Unvalidating resource: /BootBasic/src/main/resources/templates/view/ex01.html
2022-03-28 10:28:58,503 [Worker-22: Building] INFO  o.t.e.e.builder.ThymeleafBuilder - Unvalidating HTML files for Thymeleaf attribute processors.  Build kind: auto
2022-03-28 10:28:58,504 [Worker-22: Building] INFO  o.t.e.e.builder.ThymeleafBuilder - Unvalidating resource: /BootBasic/bin/main/templates/view/ex01.html
2022-03-28 10:28:58,504 [Worker-22: Building] INFO  o.t.e.e.builder.ThymeleafBuilder - Unvalidating resource: /BootBasic/src/main/resources/templates/view/ex01.html
2022-03-28 10:33:29,905 [Worker-41: Building] INFO  o.t.e.e.builder.ThymeleafBuilder - Unvalidating HTML files for Thymeleaf attribute processors.  Build kind: auto
2022-03-28 10:33:29,906 [Worker-41: Building] INFO  o.t.e.e.builder.ThymeleafBuilder - Unvalidating resource: /BootBasic/bin/main/templates/view/ex02.html
2022-03-28 10:33:29,906 [Worker-41: Building] INFO  o.t.e.e.builder.ThymeleafBuilder - Unvalidating resource: /BootBasic/src/main/resources/templates/view/ex02.html
2022-03-28 10:33:48,367 [Worker-46: Building] INFO  o.t.e.e.builder.ThymeleafBuilder - Unvalidating HTML files for Thymeleaf attribute processors.  Build kind: auto
2022-03-28 10:33:48,368 [Worker-46: Building] INFO  o.t.e.e.builder.ThymeleafBuilder - Unvalidating resource: /BootBasic/bin/main/templates/view/ex02.html
2022-03-28 10:33:48,368 [Worker-46: Building] INFO  o.t.e.e.builder.ThymeleafBuilder - Unvalidating resource: /BootBasic/src/main/resources/templates/view/ex02.html
2022-03-28 10:34:04,415 [Worker-40: Building] INFO  o.t.e.e.builder.ThymeleafBuilder - Unvalidating HTML files for Thymeleaf attribute processors.  Build kind: auto
2022-03-28 10:34:41,101 [Worker-46: Building] INFO  o.t.e.e.builder.ThymeleafBuilder - Unvalidating HTML files for Thymeleaf attribute processors.  Build kind: auto
2022-03-28 10:34:41,101 [Worker-46: Building] INFO  o.t.e.e.builder.ThymeleafBuilder - Unvalidating resource: /BootBasic/bin/main/templates/view/ex02.html
2022-03-28 10:34:41,101 [Worker-46: Building] INFO  o.t.e.e.builder.ThymeleafBuilder - Unvalidating resource: /BootBasic/src/main/resources/templates/view/ex02.html
2022-03-28 10:35:41,152 [Worker-46: Building] INFO  o.t.e.e.builder.ThymeleafBuilder - Unvalidating HTML files for Thymeleaf attribute processors.  Build kind: auto
2022-03-28 10:37:18,620 [Worker-40: Building] INFO  o.t.e.e.builder.ThymeleafBuilder - Unvalidating HTML files for Thymeleaf attribute processors.  Build kind: auto
2022-03-28 10:38:01,053 [Worker-47: Building] INFO  o.t.e.e.builder.ThymeleafBuilder - Unvalidating HTML files for Thymeleaf attribute processors.  Build kind: auto
2022-03-28 10:39:31,752 [Worker-40: Building] INFO  o.t.e.e.builder.ThymeleafBuilder - Unvalidating HTML files for Thymeleaf attribute processors.  Build kind: auto
2022-03-28 10:40:57,679 [Worker-48: Building] INFO  o.t.e.e.builder.ThymeleafBuilder - Unvalidating HTML files for Thymeleaf attribute processors.  Build kind: auto
2022-03-28 10:41:37,165 [Worker-44: Building] INFO  o.t.e.e.builder.ThymeleafBuilder - Unvalidating HTML files for Thymeleaf attribute processors.  Build kind: auto
2022-03-28 10:41:48,298 [Worker-49: Building] INFO  o.t.e.e.builder.ThymeleafBuilder - Unvalidating HTML files for Thymeleaf attribute processors.  Build kind: auto
2022-03-28 10:46:34,367 [Worker-44: Building] INFO  o.t.e.e.builder.ThymeleafBuilder - Unvalidating HTML files for Thymeleaf attribute processors.  Build kind: auto
2022-03-28 10:47:13,568 [Worker-40: Building] INFO  o.t.e.e.builder.ThymeleafBuilder - Unvalidating HTML files for Thymeleaf attribute processors.  Build kind: auto
2022-03-28 10:54:17,723 [Worker-55: Building] INFO  o.t.e.e.builder.ThymeleafBuilder - Unvalidating HTML files for Thymeleaf attribute processors.  Build kind: auto
2022-03-28 11:09:21,003 [Worker-50: Building] INFO  o.t.e.e.builder.ThymeleafBuilder - Unvalidating HTML files for Thymeleaf attribute processors.  Build kind: auto
2022-03-28 11:10:06,079 [Worker-55: Building] INFO  o.t.e.e.builder.ThymeleafBuilder - Unvalidating HTML files for Thymeleaf attribute processors.  Build kind: auto
2022-03-28 11:14:13,126 [Worker-61: Building] INFO  o.t.e.e.builder.ThymeleafBuilder - Unvalidating HTML files for Thymeleaf attribute processors.  Build kind: auto
2022-03-28 11:14:27,080 [Worker-62: Building] INFO  o.t.e.e.builder.ThymeleafBuilder - Unvalidating HTML files for Thymeleaf attribute processors.  Build kind: auto
2022-03-28 11:19:02,398 [Worker-64: Building] INFO  o.t.e.e.builder.ThymeleafBuilder - Unvalidating HTML files for Thymeleaf attribute processors.  Build kind: auto
2022-03-28 11:19:02,401 [Worker-64: Building] INFO  o.t.e.e.builder.ThymeleafBuilder - Unvalidating resource: /BootBasic/bin/main/templates/view/ex02.html
2022-03-28 11:19:02,401 [Worker-64: Building] INFO  o.t.e.e.builder.ThymeleafBuilder - Unvalidating resource: /BootBasic/src/main/resources/templates/view/ex02.html
2022-03-28 11:19:42,001 [Worker-65: Building] INFO  o.t.e.e.builder.ThymeleafBuilder - Unvalidating HTML files for Thymeleaf attribute processors.  Build kind: auto
2022-03-28 11:19:42,002 [Worker-65: Building] INFO  o.t.e.e.builder.ThymeleafBuilder - Unvalidating resource: /BootBasic/bin/main/templates/view/ex02.html
2022-03-28 11:19:42,002 [Worker-65: Building] INFO  o.t.e.e.builder.ThymeleafBuilder - Unvalidating resource: /BootBasic/src/main/resources/templates/view/ex02.html
2022-03-28 11:20:16,812 [Worker-65: Building] INFO  o.t.e.e.builder.ThymeleafBuilder - Unvalidating HTML files for Thymeleaf attribute processors.  Build kind: auto
2022-03-28 11:20:16,812 [Worker-65: Building] INFO  o.t.e.e.builder.ThymeleafBuilder - Unvalidating resource: /BootBasic/bin/main/templates/view/ex02.html
2022-03-28 11:20:16,812 [Worker-65: Building] INFO  o.t.e.e.builder.ThymeleafBuilder - Unvalidating resource: /BootBasic/src/main/resources/templates/view/ex02.html
2022-03-28 11:28:58,683 [Worker-70: Building] INFO  o.t.e.e.builder.ThymeleafBuilder - Unvalidating HTML files for Thymeleaf attribute processors.  Build kind: auto
2022-03-28 11:28:58,683 [Worker-70: Building] INFO  o.t.e.e.builder.ThymeleafBuilder - Unvalidating resource: /BootBasic/bin/main/templates/view/ex02.html
2022-03-28 11:28:58,683 [Worker-70: Building] INFO  o.t.e.e.builder.ThymeleafBuilder - Unvalidating resource: /BootBasic/src/main/resources/templates/view/ex02.html
2022-03-28 11:29:29,314 [Worker-70: Building] INFO  o.t.e.e.builder.ThymeleafBuilder - Unvalidating HTML files for Thymeleaf attribute processors.  Build kind: auto
2022-03-28 11:29:29,314 [Worker-70: Building] INFO  o.t.e.e.builder.ThymeleafBuilder - Unvalidating resource: /BootBasic/bin/main/templates/view/ex02.html
2022-03-28 11:29:29,314 [Worker-70: Building] INFO  o.t.e.e.builder.ThymeleafBuilder - Unvalidating resource: /BootBasic/src/main/resources/templates/view/ex02.html
2022-03-28 11:30:06,449 [Worker-73: Building] INFO  o.t.e.e.builder.ThymeleafBuilder - Unvalidating HTML files for Thymeleaf attribute processors.  Build kind: auto
2022-03-28 11:30:06,450 [Worker-73: Building] INFO  o.t.e.e.builder.ThymeleafBuilder - Unvalidating resource: /BootBasic/bin/main/templates/view/ex02.html
2022-03-28 11:30:06,450 [Worker-73: Building] INFO  o.t.e.e.builder.ThymeleafBuilder - Unvalidating resource: /BootBasic/src/main/resources/templates/view/ex02.html
2022-03-28 11:30:23,924 [Worker-73: Building] INFO  o.t.e.e.builder.ThymeleafBuilder - Unvalidating HTML files for Thymeleaf attribute processors.  Build kind: auto
2022-03-28 11:30:23,925 [Worker-73: Building] INFO  o.t.e.e.builder.ThymeleafBuilder - Unvalidating resource: /BootBasic/bin/main/templates/view/ex02.html
2022-03-28 11:30:23,925 [Worker-73: Building] INFO  o.t.e.e.builder.ThymeleafBuilder - Unvalidating resource: /BootBasic/src/main/resources/templates/view/ex02.html
2022-03-28 11:35:04,752 [Worker-74: Building] INFO  o.t.e.e.builder.ThymeleafBuilder - Unvalidating HTML files for Thymeleaf attribute processors.  Build kind: auto
2022-03-28 11:35:04,753 [Worker-74: Building] INFO  o.t.e.e.builder.ThymeleafBuilder - Unvalidating resource: /BootBasic/bin/main/templates/view/ex02.html
2022-03-28 11:35:04,753 [Worker-74: Building] INFO  o.t.e.e.builder.ThymeleafBuilder - Unvalidating resource: /BootBasic/src/main/resources/templates/view/ex02.html
2022-03-28 11:41:42,527 [Worker-76: Building] INFO  o.t.e.e.builder.ThymeleafBuilder - Unvalidating HTML files for Thymeleaf attribute processors.  Build kind: auto
2022-03-28 11:41:42,528 [Worker-76: Building] INFO  o.t.e.e.builder.ThymeleafBuilder - Unvalidating resource: /BootBasic/bin/main/templates/view/ex02.html
2022-03-28 11:41:42,528 [Worker-76: Building] INFO  o.t.e.e.builder.ThymeleafBuilder - Unvalidating resource: /BootBasic/src/main/resources/templates/view/ex02.html
2022-03-28 11:43:22,164 [Worker-79: Building] INFO  o.t.e.e.builder.ThymeleafBuilder - Unvalidating HTML files for Thymeleaf attribute processors.  Build kind: auto
2022-03-28 11:43:22,164 [Worker-79: Building] INFO  o.t.e.e.builder.ThymeleafBuilder - Unvalidating resource: /BootBasic/bin/main/templates/view/ex02.html
2022-03-28 11:43:22,164 [Worker-79: Building] INFO  o.t.e.e.builder.ThymeleafBuilder - Unvalidating resource: /BootBasic/src/main/resources/templates/view/ex02.html
2022-03-28 11:47:42,734 [Worker-79: Building] INFO  o.t.e.e.builder.ThymeleafBuilder - Unvalidating HTML files for Thymeleaf attribute processors.  Build kind: auto
2022-03-28 11:47:42,734 [Worker-79: Building] INFO  o.t.e.e.builder.ThymeleafBuilder - Unvalidating resource: /BootBasic/bin/main/templates/view/ex03.html
2022-03-28 11:47:42,734 [Worker-79: Building] INFO  o.t.e.e.builder.ThymeleafBuilder - Unvalidating resource: /BootBasic/src/main/resources/templates/view/ex03.html
2022-03-28 11:47:59,953 [Worker-79: Building] INFO  o.t.e.e.builder.ThymeleafBuilder - Unvalidating HTML files for Thymeleaf attribute processors.  Build kind: auto
2022-03-28 11:47:59,953 [Worker-79: Building] INFO  o.t.e.e.builder.ThymeleafBuilder - Unvalidating resource: /BootBasic/bin/main/templates/view/ex03.html
2022-03-28 11:47:59,953 [Worker-79: Building] INFO  o.t.e.e.builder.ThymeleafBuilder - Unvalidating resource: /BootBasic/src/main/resources/templates/view/ex03.html
2022-03-28 11:48:07,045 [Worker-85: Building] INFO  o.t.e.e.builder.ThymeleafBuilder - Unvalidating HTML files for Thymeleaf attribute processors.  Build kind: auto
2022-03-28 11:48:07,045 [Worker-85: Building] INFO  o.t.e.e.builder.ThymeleafBuilder - Unvalidating resource: /BootBasic/bin/main/templates/view/ex03.html
2022-03-28 11:48:07,045 [Worker-85: Building] INFO  o.t.e.e.builder.ThymeleafBuilder - Unvalidating resource: /BootBasic/src/main/resources/templates/view/ex03.html
2022-03-28 11:51:32,439 [Worker-86: Building] INFO  o.t.e.e.builder.ThymeleafBuilder - Unvalidating HTML files for Thymeleaf attribute processors.  Build kind: auto
2022-03-28 11:54:13,663 [Worker-84: Building] INFO  o.t.e.e.builder.ThymeleafBuilder - Unvalidating HTML files for Thymeleaf attribute processors.  Build kind: auto
2022-03-28 11:54:13,663 [Worker-84: Building] INFO  o.t.e.e.builder.ThymeleafBuilder - Unvalidating resource: /BootBasic/bin/main/templates/view/ex03.html
2022-03-28 11:54:13,664 [Worker-84: Building] INFO  o.t.e.e.builder.ThymeleafBuilder - Unvalidating resource: /BootBasic/src/main/resources/templates/view/ex03.html
2022-03-28 11:54:27,856 [Worker-88: Building] INFO  o.t.e.e.builder.ThymeleafBuilder - Unvalidating HTML files for Thymeleaf attribute processors.  Build kind: auto
2022-03-28 11:54:27,856 [Worker-88: Building] INFO  o.t.e.e.builder.ThymeleafBuilder - Unvalidating resource: /BootBasic/bin/main/templates/view/ex03.html
2022-03-28 11:54:27,856 [Worker-88: Building] INFO  o.t.e.e.builder.ThymeleafBuilder - Unvalidating resource: /BootBasic/src/main/resources/templates/view/ex03.html
2022-03-28 11:55:50,600 [Worker-87: Building] INFO  o.t.e.e.builder.ThymeleafBuilder - Unvalidating HTML files for Thymeleaf attribute processors.  Build kind: auto
2022-03-28 11:55:50,600 [Worker-87: Building] INFO  o.t.e.e.builder.ThymeleafBuilder - Unvalidating resource: /BootBasic/bin/main/templates/view/ex03.html
2022-03-28 11:55:50,601 [Worker-87: Building] INFO  o.t.e.e.builder.ThymeleafBuilder - Unvalidating resource: /BootBasic/src/main/resources/templates/view/ex03.html
2022-03-28 12:12:54,534 [Worker-92: Building] INFO  o.t.e.e.builder.ThymeleafBuilder - Unvalidating HTML files for Thymeleaf attribute processors.  Build kind: auto
2022-03-28 12:12:54,534 [Worker-92: Building] INFO  o.t.e.e.builder.ThymeleafBuilder - Unvalidating resource: /BootBasic/bin/main/templates/view/ex03.html
2022-03-28 12:12:54,535 [Worker-92: Building] INFO  o.t.e.e.builder.ThymeleafBuilder - Unvalidating resource: /BootBasic/src/main/resources/templates/view/ex03.html
2022-03-28 12:13:54,139 [Worker-90: Building] INFO  o.t.e.e.builder.ThymeleafBuilder - Unvalidating HTML files for Thymeleaf attribute processors.  Build kind: auto
2022-03-28 12:13:54,139 [Worker-90: Building] INFO  o.t.e.e.builder.ThymeleafBuilder - Unvalidating resource: /BootBasic/bin/main/templates/view/ex03.html
2022-03-28 12:13:54,139 [Worker-90: Building] INFO  o.t.e.e.builder.ThymeleafBuilder - Unvalidating resource: /BootBasic/src/main/resources/templates/view/ex03.html
2022-03-28 12:16:23,899 [Worker-93: Building] INFO  o.t.e.e.builder.ThymeleafBuilder - Unvalidating HTML files for Thymeleaf attribute processors.  Build kind: auto
2022-03-28 12:16:23,900 [Worker-93: Building] INFO  o.t.e.e.builder.ThymeleafBuilder - Unvalidating resource: /BootBasic/bin/main/templates/view/ex03.html
2022-03-28 12:16:23,900 [Worker-93: Building] INFO  o.t.e.e.builder.ThymeleafBuilder - Unvalidating resource: /BootBasic/src/main/resources/templates/view/ex03.html
2022-03-28 12:17:01,047 [Worker-93: Building] INFO  o.t.e.e.builder.ThymeleafBuilder - Unvalidating HTML files for Thymeleaf attribute processors.  Build kind: auto
2022-03-28 12:17:01,047 [Worker-93: Building] INFO  o.t.e.e.builder.ThymeleafBuilder - Unvalidating resource: /BootBasic/bin/main/templates/view/ex03.html
2022-03-28 12:17:01,047 [Worker-93: Building] INFO  o.t.e.e.builder.ThymeleafBuilder - Unvalidating resource: /BootBasic/src/main/resources/templates/view/ex03.html
2022-03-28 12:18:12,840 [Worker-94: Building] INFO  o.t.e.e.builder.ThymeleafBuilder - Unvalidating HTML files for Thymeleaf attribute processors.  Build kind: auto
2022-03-28 12:18:12,840 [Worker-94: Building] INFO  o.t.e.e.builder.ThymeleafBuilder - Unvalidating resource: /BootBasic/bin/main/templates/view/ex03.html
2022-03-28 12:18:12,840 [Worker-94: Building] INFO  o.t.e.e.builder.ThymeleafBuilder - Unvalidating resource: /BootBasic/src/main/resources/templates/view/ex03.html
2022-03-28 12:18:40,219 [Worker-95: Building] INFO  o.t.e.e.builder.ThymeleafBuilder - Unvalidating HTML files for Thymeleaf attribute processors.  Build kind: auto
2022-03-28 12:18:40,219 [Worker-95: Building] INFO  o.t.e.e.builder.ThymeleafBuilder - Unvalidating resource: /BootBasic/bin/main/templates/view/ex03.html
2022-03-28 12:18:40,219 [Worker-95: Building] INFO  o.t.e.e.builder.ThymeleafBuilder - Unvalidating resource: /BootBasic/src/main/resources/templates/view/ex03.html
2022-03-28 12:20:51,938 [Worker-94: Building] INFO  o.t.e.e.builder.ThymeleafBuilder - Unvalidating HTML files for Thymeleaf attribute processors.  Build kind: auto
2022-03-28 12:20:51,938 [Worker-94: Building] INFO  o.t.e.e.builder.ThymeleafBuilder - Unvalidating resource: /BootBasic/bin/main/templates/view/ex03.html
2022-03-28 12:20:51,939 [Worker-94: Building] INFO  o.t.e.e.builder.ThymeleafBuilder - Unvalidating resource: /BootBasic/src/main/resources/templates/view/ex03.html
2022-03-28 12:23:22,393 [Worker-99: Building] INFO  o.t.e.e.builder.ThymeleafBuilder - Unvalidating HTML files for Thymeleaf attribute processors.  Build kind: auto
2022-03-28 12:23:22,394 [Worker-99: Building] INFO  o.t.e.e.builder.ThymeleafBuilder - Unvalidating resource: /BootBasic/bin/main/templates/view/ex03.html
2022-03-28 12:23:22,394 [Worker-99: Building] INFO  o.t.e.e.builder.ThymeleafBuilder - Unvalidating resource: /BootBasic/src/main/resources/templates/view/ex03.html
2022-03-28 12:23:41,532 [Worker-96: Building] INFO  o.t.e.e.builder.ThymeleafBuilder - Unvalidating HTML files for Thymeleaf attribute processors.  Build kind: auto
2022-03-28 12:23:41,532 [Worker-96: Building] INFO  o.t.e.e.builder.ThymeleafBuilder - Unvalidating resource: /BootBasic/bin/main/templates/view/ex03.html
2022-03-28 12:23:41,532 [Worker-96: Building] INFO  o.t.e.e.builder.ThymeleafBuilder - Unvalidating resource: /BootBasic/src/main/resources/templates/view/ex03.html
2022-03-28 12:25:34,282 [Worker-102: Building] INFO  o.t.e.e.builder.ThymeleafBuilder - Unvalidating HTML files for Thymeleaf attribute processors.  Build kind: auto
2022-03-28 12:25:34,282 [Worker-102: Building] INFO  o.t.e.e.builder.ThymeleafBuilder - Unvalidating resource: /BootBasic/bin/main/templates/view/ex03.html
2022-03-28 12:25:34,282 [Worker-102: Building] INFO  o.t.e.e.builder.ThymeleafBuilder - Unvalidating resource: /BootBasic/src/main/resources/templates/view/ex03.html
2022-03-28 12:27:57,355 [Worker-104: Building] INFO  o.t.e.e.builder.ThymeleafBuilder - Unvalidating HTML files for Thymeleaf attribute processors.  Build kind: auto
2022-03-28 12:27:57,356 [Worker-104: Building] INFO  o.t.e.e.builder.ThymeleafBuilder - Unvalidating resource: /BootBasic/bin/main/templates/view/ex03.html
2022-03-28 12:27:57,356 [Worker-104: Building] INFO  o.t.e.e.builder.ThymeleafBuilder - Unvalidating resource: /BootBasic/src/main/resources/templates/view/ex03.html
2022-03-28 12:29:37,526 [Worker-101: Building] INFO  o.t.e.e.builder.ThymeleafBuilder - Unvalidating HTML files for Thymeleaf attribute processors.  Build kind: auto
2022-03-28 12:29:37,526 [Worker-101: Building] INFO  o.t.e.e.builder.ThymeleafBuilder - Unvalidating resource: /BootBasic/bin/main/templates/view/ex03.html
2022-03-28 12:29:37,526 [Worker-101: Building] INFO  o.t.e.e.builder.ThymeleafBuilder - Unvalidating resource: /BootBasic/src/main/resources/templates/view/ex03.html
2022-03-28 12:30:36,544 [Worker-108: Building] INFO  o.t.e.e.builder.ThymeleafBuilder - Unvalidating HTML files for Thymeleaf attribute processors.  Build kind: auto
2022-03-28 12:30:36,544 [Worker-108: Building] INFO  o.t.e.e.builder.ThymeleafBuilder - Unvalidating resource: /BootBasic/bin/main/templates/view/ex03.html
2022-03-28 12:30:36,544 [Worker-108: Building] INFO  o.t.e.e.builder.ThymeleafBuilder - Unvalidating resource: /BootBasic/src/main/resources/templates/view/ex03.html
2022-03-28 12:34:06,364 [Worker-108: Building] INFO  o.t.e.e.builder.ThymeleafBuilder - Unvalidating HTML files for Thymeleaf attribute processors.  Build kind: auto
2022-03-28 12:34:17,451 [Worker-106: Building] INFO  o.t.e.e.builder.ThymeleafBuilder - Unvalidating HTML files for Thymeleaf attribute processors.  Build kind: auto
2022-03-28 12:34:35,017 [Worker-108: Building] INFO  o.t.e.e.builder.ThymeleafBuilder - Unvalidating HTML files for Thymeleaf attribute processors.  Build kind: auto
2022-03-28 12:34:35,017 [Worker-108: Building] INFO  o.t.e.e.builder.ThymeleafBuilder - Unvalidating resource: /BootBasic/bin/main/templates/view/ex03_result.html
2022-03-28 12:34:35,017 [Worker-108: Building] INFO  o.t.e.e.builder.ThymeleafBuilder - Unvalidating resource: /BootBasic/src/main/resources/templates/view/ex03_result.html
2022-03-28 12:35:47,729 [Worker-107: Building] INFO  o.t.e.e.builder.ThymeleafBuilder - Unvalidating HTML files for Thymeleaf attribute processors.  Build kind: auto
2022-03-28 12:35:47,729 [Worker-107: Building] INFO  o.t.e.e.builder.ThymeleafBuilder - Unvalidating resource: /BootBasic/bin/main/templates/view/ex03_result.html
2022-03-28 12:35:47,729 [Worker-107: Building] INFO  o.t.e.e.builder.ThymeleafBuilder - Unvalidating resource: /BootBasic/src/main/resources/templates/view/ex03_result.html
2022-03-28 12:39:50,548 [Worker-107: Building] INFO  o.t.e.e.builder.ThymeleafBuilder - Unvalidating HTML files for Thymeleaf attribute processors.  Build kind: auto
2022-03-28 12:39:50,548 [Worker-107: Building] INFO  o.t.e.e.builder.ThymeleafBuilder - Unvalidating resource: /BootBasic/bin/main/templates/view/ex03.html
2022-03-28 12:39:50,548 [Worker-107: Building] INFO  o.t.e.e.builder.ThymeleafBuilder - Unvalidating resource: /BootBasic/src/main/resources/templates/view/ex03.html
2022-03-28 12:45:10,009 [Worker-114: Building] INFO  o.t.e.e.builder.ThymeleafBuilder - Unvalidating HTML files for Thymeleaf attribute processors.  Build kind: auto
2022-03-28 12:45:10,010 [Worker-114: Building] INFO  o.t.e.e.builder.ThymeleafBuilder - Unvalidating resource: /BootBasic/bin/main/templates/view/ex03.html
2022-03-28 12:45:10,010 [Worker-114: Building] INFO  o.t.e.e.builder.ThymeleafBuilder - Unvalidating resource: /BootBasic/src/main/resources/templates/view/ex03.html
2022-03-28 14:10:23,575 [Worker-117: Building] INFO  o.t.e.e.builder.ThymeleafBuilder - Unvalidating HTML files for Thymeleaf attribute processors.  Build kind: auto
2022-03-28 14:10:23,576 [Worker-117: Building] INFO  o.t.e.e.builder.ThymeleafBuilder - Unvalidating resource: /BootBasic/bin/main/templates/view/ex03.html
2022-03-28 14:10:23,576 [Worker-117: Building] INFO  o.t.e.e.builder.ThymeleafBuilder - Unvalidating resource: /BootBasic/src/main/resources/templates/view/ex03.html
2022-03-28 14:11:05,097 [Worker-116: Building] INFO  o.t.e.e.builder.ThymeleafBuilder - Unvalidating HTML files for Thymeleaf attribute processors.  Build kind: auto
2022-03-28 14:12:35,412 [Worker-117: Building] INFO  o.t.e.e.builder.ThymeleafBuilder - Unvalidating HTML files for Thymeleaf attribute processors.  Build kind: auto
2022-03-28 14:12:35,413 [Worker-117: Building] INFO  o.t.e.e.builder.ThymeleafBuilder - Unvalidating resource: /BootBasic/bin/main/templates/view/ex03.html
2022-03-28 14:12:35,413 [Worker-117: Building] INFO  o.t.e.e.builder.ThymeleafBuilder - Unvalidating resource: /BootBasic/src/main/resources/templates/view/ex03.html
2022-03-28 14:13:13,289 [Worker-107: Building] INFO  o.t.e.e.builder.ThymeleafBuilder - Unvalidating HTML files for Thymeleaf attribute processors.  Build kind: auto
2022-03-28 14:13:13,289 [Worker-107: Building] INFO  o.t.e.e.builder.ThymeleafBuilder - Unvalidating resource: /BootBasic/bin/main/templates/view/ex03.html
2022-03-28 14:13:13,289 [Worker-107: Building] INFO  o.t.e.e.builder.ThymeleafBuilder - Unvalidating resource: /BootBasic/src/main/resources/templates/view/ex03.html
2022-03-28 14:18:29,046 [Worker-118: Building] INFO  o.t.e.e.builder.ThymeleafBuilder - Unvalidating HTML files for Thymeleaf attribute processors.  Build kind: auto
2022-03-28 14:18:29,046 [Worker-118: Building] INFO  o.t.e.e.builder.ThymeleafBuilder - Unvalidating resource: /BootBasic/bin/main/templates/view/ex04.html
2022-03-28 14:18:29,046 [Worker-118: Building] INFO  o.t.e.e.builder.ThymeleafBuilder - Unvalidating resource: /BootBasic/src/main/resources/templates/view/ex04.html
2022-03-28 14:18:43,519 [Worker-122: Building] INFO  o.t.e.e.builder.ThymeleafBuilder - Unvalidating HTML files for Thymeleaf attribute processors.  Build kind: auto
2022-03-28 14:18:43,519 [Worker-122: Building] INFO  o.t.e.e.builder.ThymeleafBuilder - Unvalidating resource: /BootBasic/bin/main/templates/view/ex04.html
2022-03-28 14:18:43,519 [Worker-122: Building] INFO  o.t.e.e.builder.ThymeleafBuilder - Unvalidating resource: /BootBasic/src/main/resources/templates/view/ex04.html
2022-03-28 14:22:47,230 [Worker-125: Building] INFO  o.t.e.e.builder.ThymeleafBuilder - Unvalidating HTML files for Thymeleaf attribute processors.  Build kind: auto
2022-03-28 14:22:47,230 [Worker-125: Building] INFO  o.t.e.e.builder.ThymeleafBuilder - Unvalidating resource: /BootBasic/bin/main/templates/view/ex04.html
2022-03-28 14:22:47,231 [Worker-125: Building] INFO  o.t.e.e.builder.ThymeleafBuilder - Unvalidating resource: /BootBasic/src/main/resources/templates/view/ex04.html
2022-03-28 14:24:20,739 [Worker-126: Building] INFO  o.t.e.e.builder.ThymeleafBuilder - Unvalidating HTML files for Thymeleaf attribute processors.  Build kind: auto
2022-03-28 14:24:47,724 [Worker-128: Building] INFO  o.t.e.e.builder.ThymeleafBuilder - Unvalidating HTML files for Thymeleaf attribute processors.  Build kind: auto
2022-03-28 14:25:32,479 [Worker-126: Building] INFO  o.t.e.e.builder.ThymeleafBuilder - Unvalidating HTML files for Thymeleaf attribute processors.  Build kind: auto
2022-03-28 14:25:32,480 [Worker-126: Building] INFO  o.t.e.e.builder.ThymeleafBuilder - Unvalidating resource: /BootBasic/bin/main/templates/view/ex04.html
2022-03-28 14:25:32,480 [Worker-126: Building] INFO  o.t.e.e.builder.ThymeleafBuilder - Unvalidating resource: /BootBasic/src/main/resources/templates/view/ex04.html
2022-03-28 14:27:45,593 [Worker-129: Building] INFO  o.t.e.e.builder.ThymeleafBuilder - Unvalidating HTML files for Thymeleaf attribute processors.  Build kind: auto
2022-03-28 14:27:45,593 [Worker-129: Building] INFO  o.t.e.e.builder.ThymeleafBuilder - Unvalidating resource: /BootBasic/bin/main/templates/view/ex04.html
2022-03-28 14:27:45,593 [Worker-129: Building] INFO  o.t.e.e.builder.ThymeleafBuilder - Unvalidating resource: /BootBasic/src/main/resources/templates/view/ex04.html
2022-03-28 14:28:24,666 [Worker-129: Building] INFO  o.t.e.e.builder.ThymeleafBuilder - Unvalidating HTML files for Thymeleaf attribute processors.  Build kind: auto
2022-03-28 14:28:24,666 [Worker-129: Building] INFO  o.t.e.e.builder.ThymeleafBuilder - Unvalidating resource: /BootBasic/bin/main/templates/view/ex04.html
2022-03-28 14:28:24,666 [Worker-129: Building] INFO  o.t.e.e.builder.ThymeleafBuilder - Unvalidating resource: /BootBasic/src/main/resources/templates/view/ex04.html
2022-03-28 14:28:45,783 [Worker-129: Building] INFO  o.t.e.e.builder.ThymeleafBuilder - Unvalidating HTML files for Thymeleaf attribute processors.  Build kind: auto
2022-03-28 14:28:45,783 [Worker-129: Building] INFO  o.t.e.e.builder.ThymeleafBuilder - Unvalidating resource: /BootBasic/bin/main/templates/view/ex04.html
2022-03-28 14:28:45,783 [Worker-129: Building] INFO  o.t.e.e.builder.ThymeleafBuilder - Unvalidating resource: /BootBasic/src/main/resources/templates/view/ex04.html
2022-03-28 14:32:22,850 [Worker-130: Building] INFO  o.t.e.e.builder.ThymeleafBuilder - Unvalidating HTML files for Thymeleaf attribute processors.  Build kind: auto
2022-03-28 14:32:22,850 [Worker-130: Building] INFO  o.t.e.e.builder.ThymeleafBuilder - Unvalidating resource: /BootBasic/bin/main/templates/view/ex04.html
2022-03-28 14:32:22,850 [Worker-130: Building] INFO  o.t.e.e.builder.ThymeleafBuilder - Unvalidating resource: /BootBasic/src/main/resources/templates/view/ex04.html
2022-03-28 14:33:03,391 [Worker-133: Building] INFO  o.t.e.e.builder.ThymeleafBuilder - Unvalidating HTML files for Thymeleaf attribute processors.  Build kind: auto
2022-03-28 14:33:03,391 [Worker-133: Building] INFO  o.t.e.e.builder.ThymeleafBuilder - Unvalidating resource: /BootBasic/bin/main/templates/view/ex04.html
2022-03-28 14:33:03,391 [Worker-133: Building] INFO  o.t.e.e.builder.ThymeleafBuilder - Unvalidating resource: /BootBasic/src/main/resources/templates/view/ex04.html
2022-03-28 14:36:03,370 [Worker-132: Building] INFO  o.t.e.e.builder.ThymeleafBuilder - Unvalidating HTML files for Thymeleaf attribute processors.  Build kind: auto
2022-03-28 14:36:03,370 [Worker-132: Building] INFO  o.t.e.e.builder.ThymeleafBuilder - Unvalidating resource: /BootBasic/bin/main/templates/view/ex04.html
2022-03-28 14:36:03,371 [Worker-132: Building] INFO  o.t.e.e.builder.ThymeleafBuilder - Unvalidating resource: /BootBasic/src/main/resources/templates/view/ex04.html
2022-03-28 15:06:15,907 [Worker-134: Building] INFO  o.t.e.e.builder.ThymeleafBuilder - Unvalidating HTML files for Thymeleaf attribute processors.  Build kind: auto
2022-03-28 15:06:15,907 [Worker-134: Building] INFO  o.t.e.e.builder.ThymeleafBuilder - Unvalidating resource: /BootBasic/bin/main/templates/view/ex05.html
2022-03-28 15:06:15,907 [Worker-134: Building] INFO  o.t.e.e.builder.ThymeleafBuilder - Unvalidating resource: /BootBasic/src/main/resources/templates/view/ex05.html
2022-03-28 15:06:28,271 [Worker-134: Building] INFO  o.t.e.e.builder.ThymeleafBuilder - Unvalidating HTML files for Thymeleaf attribute processors.  Build kind: auto
2022-03-28 15:06:28,272 [Worker-134: Building] INFO  o.t.e.e.builder.ThymeleafBuilder - Unvalidating resource: /BootBasic/bin/main/templates/view/ex05.html
2022-03-28 15:06:28,272 [Worker-134: Building] INFO  o.t.e.e.builder.ThymeleafBuilder - Unvalidating resource: /BootBasic/src/main/resources/templates/view/ex05.html
2022-03-28 15:06:33,963 [Worker-136: Building] INFO  o.t.e.e.builder.ThymeleafBuilder - Unvalidating HTML files for Thymeleaf attribute processors.  Build kind: auto
2022-03-28 15:06:33,964 [Worker-136: Building] INFO  o.t.e.e.builder.ThymeleafBuilder - Unvalidating resource: /BootBasic/bin/main/templates/view/ex05.html
2022-03-28 15:06:33,964 [Worker-136: Building] INFO  o.t.e.e.builder.ThymeleafBuilder - Unvalidating resource: /BootBasic/src/main/resources/templates/view/ex05.html
2022-03-28 15:08:37,742 [Worker-134: Building] INFO  o.t.e.e.builder.ThymeleafBuilder - Unvalidating HTML files for Thymeleaf attribute processors.  Build kind: auto
2022-03-28 15:08:37,742 [Worker-134: Building] INFO  o.t.e.e.builder.ThymeleafBuilder - Unvalidating resource: /BootBasic/bin/main/templates/view/ex05.html
2022-03-28 15:08:37,742 [Worker-134: Building] INFO  o.t.e.e.builder.ThymeleafBuilder - Unvalidating resource: /BootBasic/src/main/resources/templates/view/ex05.html
2022-03-28 15:09:15,194 [Worker-132: Building] INFO  o.t.e.e.builder.ThymeleafBuilder - Unvalidating HTML files for Thymeleaf attribute processors.  Build kind: auto
2022-03-28 15:09:15,194 [Worker-132: Building] INFO  o.t.e.e.builder.ThymeleafBuilder - Unvalidating resource: /BootBasic/bin/main/templates/view/ex05.html
2022-03-28 15:09:15,194 [Worker-132: Building] INFO  o.t.e.e.builder.ThymeleafBuilder - Unvalidating resource: /BootBasic/src/main/resources/templates/view/ex05.html
2022-03-28 15:09:23,983 [Worker-134: Building] INFO  o.t.e.e.builder.ThymeleafBuilder - Unvalidating HTML files for Thymeleaf attribute processors.  Build kind: auto
2022-03-28 15:09:54,077 [Worker-132: Building] INFO  o.t.e.e.builder.ThymeleafBuilder - Unvalidating HTML files for Thymeleaf attribute processors.  Build kind: auto
2022-03-28 15:11:20,137 [Worker-134: Building] INFO  o.t.e.e.builder.ThymeleafBuilder - Unvalidating HTML files for Thymeleaf attribute processors.  Build kind: auto
2022-03-28 15:11:20,137 [Worker-134: Building] INFO  o.t.e.e.builder.ThymeleafBuilder - Unvalidating resource: /BootBasic/bin/main/templates/view/ex05.html
2022-03-28 15:11:20,138 [Worker-134: Building] INFO  o.t.e.e.builder.ThymeleafBuilder - Unvalidating resource: /BootBasic/src/main/resources/templates/view/ex05.html
2022-03-28 15:13:32,865 [Worker-136: Building] INFO  o.t.e.e.builder.ThymeleafBuilder - Unvalidating HTML files for Thymeleaf attribute processors.  Build kind: auto
2022-03-28 15:13:32,865 [Worker-136: Building] INFO  o.t.e.e.builder.ThymeleafBuilder - Unvalidating resource: /BootBasic/bin/main/templates/view/ex05.html
2022-03-28 15:13:32,865 [Worker-136: Building] INFO  o.t.e.e.builder.ThymeleafBuilder - Unvalidating resource: /BootBasic/src/main/resources/templates/view/ex05.html
2022-03-28 15:15:06,499 [Worker-134: Building] INFO  o.t.e.e.builder.ThymeleafBuilder - Unvalidating HTML files for Thymeleaf attribute processors.  Build kind: auto
2022-03-28 15:15:06,500 [Worker-134: Building] INFO  o.t.e.e.builder.ThymeleafBuilder - Unvalidating resource: /BootBasic/bin/main/templates/view/ex05.html
2022-03-28 15:15:06,500 [Worker-134: Building] INFO  o.t.e.e.builder.ThymeleafBuilder - Unvalidating resource: /BootBasic/src/main/resources/templates/view/ex05.html
2022-03-28 15:18:00,982 [Worker-140: Building] INFO  o.t.e.e.builder.ThymeleafBuilder - Unvalidating HTML files for Thymeleaf attribute processors.  Build kind: auto
2022-03-28 15:18:00,983 [Worker-140: Building] INFO  o.t.e.e.builder.ThymeleafBuilder - Unvalidating resource: /BootBasic/bin/main/templates/view/ex05.html
2022-03-28 15:18:00,983 [Worker-140: Building] INFO  o.t.e.e.builder.ThymeleafBuilder - Unvalidating resource: /BootBasic/src/main/resources/templates/view/ex05.html
2022-03-28 15:18:15,196 [Worker-136: Building] INFO  o.t.e.e.builder.ThymeleafBuilder - Unvalidating HTML files for Thymeleaf attribute processors.  Build kind: auto
2022-03-28 15:18:15,196 [Worker-136: Building] INFO  o.t.e.e.builder.ThymeleafBuilder - Unvalidating resource: /BootBasic/bin/main/templates/view/ex05.html
2022-03-28 15:18:15,196 [Worker-136: Building] INFO  o.t.e.e.builder.ThymeleafBuilder - Unvalidating resource: /BootBasic/src/main/resources/templates/view/ex05.html
2022-03-28 15:18:52,756 [Worker-136: Building] INFO  o.t.e.e.builder.ThymeleafBuilder - Unvalidating HTML files for Thymeleaf attribute processors.  Build kind: auto
2022-03-28 15:18:52,757 [Worker-136: Building] INFO  o.t.e.e.builder.ThymeleafBuilder - Unvalidating resource: /BootBasic/bin/main/templates/view/ex05.html
2022-03-28 15:18:52,757 [Worker-136: Building] INFO  o.t.e.e.builder.ThymeleafBuilder - Unvalidating resource: /BootBasic/src/main/resources/templates/view/ex05.html
2022-03-28 15:21:26,595 [Worker-140: Building] INFO  o.t.e.e.builder.ThymeleafBuilder - Unvalidating HTML files for Thymeleaf attribute processors.  Build kind: auto
2022-03-28 15:21:26,595 [Worker-140: Building] INFO  o.t.e.e.builder.ThymeleafBuilder - Unvalidating resource: /BootBasic/bin/main/templates/view/ex05.html
2022-03-28 15:21:26,596 [Worker-140: Building] INFO  o.t.e.e.builder.ThymeleafBuilder - Unvalidating resource: /BootBasic/src/main/resources/templates/view/ex05.html
2022-03-28 15:21:37,955 [Worker-141: Building] INFO  o.t.e.e.builder.ThymeleafBuilder - Unvalidating HTML files for Thymeleaf attribute processors.  Build kind: auto
2022-03-28 15:21:37,955 [Worker-141: Building] INFO  o.t.e.e.builder.ThymeleafBuilder - Unvalidating resource: /BootBasic/bin/main/templates/view/ex05.html
2022-03-28 15:21:37,955 [Worker-141: Building] INFO  o.t.e.e.builder.ThymeleafBuilder - Unvalidating resource: /BootBasic/src/main/resources/templates/view/ex05.html
2022-03-28 15:22:08,596 [Worker-132: Building] INFO  o.t.e.e.builder.ThymeleafBuilder - Unvalidating HTML files for Thymeleaf attribute processors.  Build kind: auto
2022-03-28 15:22:08,596 [Worker-132: Building] INFO  o.t.e.e.builder.ThymeleafBuilder - Unvalidating resource: /BootBasic/bin/main/templates/view/ex05.html
2022-03-28 15:22:08,596 [Worker-132: Building] INFO  o.t.e.e.builder.ThymeleafBuilder - Unvalidating resource: /BootBasic/src/main/resources/templates/view/ex05.html
2022-03-28 15:22:32,949 [Worker-140: Building] INFO  o.t.e.e.builder.ThymeleafBuilder - Unvalidating HTML files for Thymeleaf attribute processors.  Build kind: auto
2022-03-28 15:22:32,950 [Worker-140: Building] INFO  o.t.e.e.builder.ThymeleafBuilder - Unvalidating resource: /BootBasic/bin/main/templates/view/ex05.html
2022-03-28 15:22:32,950 [Worker-140: Building] INFO  o.t.e.e.builder.ThymeleafBuilder - Unvalidating resource: /BootBasic/src/main/resources/templates/view/ex05.html
2022-03-28 15:24:26,847 [Worker-142: Building] INFO  o.t.e.e.builder.ThymeleafBuilder - Unvalidating HTML files for Thymeleaf attribute processors.  Build kind: auto
2022-03-28 15:24:26,847 [Worker-142: Building] INFO  o.t.e.e.builder.ThymeleafBuilder - Unvalidating resource: /BootBasic/bin/main/templates/view/ex05.html
2022-03-28 15:24:26,847 [Worker-142: Building] INFO  o.t.e.e.builder.ThymeleafBuilder - Unvalidating resource: /BootBasic/src/main/resources/templates/view/ex05.html
2022-03-28 15:24:37,231 [Worker-132: Building] INFO  o.t.e.e.builder.ThymeleafBuilder - Unvalidating HTML files for Thymeleaf attribute processors.  Build kind: auto
2022-03-28 15:24:37,232 [Worker-132: Building] INFO  o.t.e.e.builder.ThymeleafBuilder - Unvalidating resource: /BootBasic/bin/main/templates/view/ex05.html
2022-03-28 15:24:37,232 [Worker-132: Building] INFO  o.t.e.e.builder.ThymeleafBuilder - Unvalidating resource: /BootBasic/src/main/resources/templates/view/ex05.html
2022-03-28 15:38:27,497 [Worker-144: Building] INFO  o.t.e.e.builder.ThymeleafBuilder - Unvalidating HTML files for Thymeleaf attribute processors.  Build kind: auto
2022-03-28 15:38:27,498 [Worker-144: Building] INFO  o.t.e.e.builder.ThymeleafBuilder - Unvalidating resource: /BootBasic/bin/main/templates/view/ex06.html
2022-03-28 15:38:27,498 [Worker-144: Building] INFO  o.t.e.e.builder.ThymeleafBuilder - Unvalidating resource: /BootBasic/src/main/resources/templates/view/ex06.html
2022-03-28 15:39:29,891 [Worker-146: Building] INFO  o.t.e.e.builder.ThymeleafBuilder - Unvalidating HTML files for Thymeleaf attribute processors.  Build kind: auto
2022-03-28 15:39:47,756 [Worker-145: Building] INFO  o.t.e.e.builder.ThymeleafBuilder - Unvalidating HTML files for Thymeleaf attribute processors.  Build kind: auto
2022-03-28 15:39:47,757 [Worker-145: Building] INFO  o.t.e.e.builder.ThymeleafBuilder - Unvalidating resource: /BootBasic/bin/main/templates/include/layout01.html
2022-03-28 15:39:47,757 [Worker-145: Building] INFO  o.t.e.e.builder.ThymeleafBuilder - Unvalidating resource: /BootBasic/src/main/resources/templates/include/layout01.html
2022-03-28 15:41:53,288 [Worker-144: Building] INFO  o.t.e.e.builder.ThymeleafBuilder - Unvalidating HTML files for Thymeleaf attribute processors.  Build kind: auto
2022-03-28 15:41:53,289 [Worker-144: Building] INFO  o.t.e.e.builder.ThymeleafBuilder - Unvalidating resource: /BootBasic/bin/main/templates/view/ex06.html
2022-03-28 15:41:53,289 [Worker-144: Building] INFO  o.t.e.e.builder.ThymeleafBuilder - Unvalidating resource: /BootBasic/src/main/resources/templates/view/ex06.html
2022-03-28 15:43:18,112 [Worker-149: Building] INFO  o.t.e.e.builder.ThymeleafBuilder - Unvalidating HTML files for Thymeleaf attribute processors.  Build kind: auto
2022-03-28 15:43:18,112 [Worker-149: Building] INFO  o.t.e.e.builder.ThymeleafBuilder - Unvalidating resource: /BootBasic/bin/main/templates/include/layout01.html
2022-03-28 15:43:18,112 [Worker-149: Building] INFO  o.t.e.e.builder.ThymeleafBuilder - Unvalidating resource: /BootBasic/src/main/resources/templates/include/layout01.html
2022-03-28 15:44:35,874 [Worker-149: Building] INFO  o.t.e.e.builder.ThymeleafBuilder - Unvalidating HTML files for Thymeleaf attribute processors.  Build kind: auto
2022-03-28 15:44:35,874 [Worker-149: Building] INFO  o.t.e.e.builder.ThymeleafBuilder - Unvalidating resource: /BootBasic/bin/main/templates/include/layout01.html
2022-03-28 15:44:35,874 [Worker-149: Building] INFO  o.t.e.e.builder.ThymeleafBuilder - Unvalidating resource: /BootBasic/bin/main/templates/view/ex06.html
2022-03-28 15:44:35,874 [Worker-149: Building] INFO  o.t.e.e.builder.ThymeleafBuilder - Unvalidating resource: /BootBasic/src/main/resources/templates/include/layout01.html
2022-03-28 15:44:35,874 [Worker-149: Building] INFO  o.t.e.e.builder.ThymeleafBuilder - Unvalidating resource: /BootBasic/src/main/resources/templates/view/ex06.html
2022-03-28 15:44:59,177 [Worker-150: Building] INFO  o.t.e.e.builder.ThymeleafBuilder - Unvalidating HTML files for Thymeleaf attribute processors.  Build kind: auto
2022-03-28 15:44:59,177 [Worker-150: Building] INFO  o.t.e.e.builder.ThymeleafBuilder - Unvalidating resource: /BootBasic/bin/main/templates/include/layout01.html
2022-03-28 15:44:59,177 [Worker-150: Building] INFO  o.t.e.e.builder.ThymeleafBuilder - Unvalidating resource: /BootBasic/src/main/resources/templates/include/layout01.html
2022-03-28 15:45:54,165 [Worker-144: Building] INFO  o.t.e.e.builder.ThymeleafBuilder - Unvalidating HTML files for Thymeleaf attribute processors.  Build kind: auto
2022-03-28 15:45:54,165 [Worker-144: Building] INFO  o.t.e.e.builder.ThymeleafBuilder - Unvalidating resource: /BootBasic/bin/main/templates/include/layout01.html
2022-03-28 15:45:54,166 [Worker-144: Building] INFO  o.t.e.e.builder.ThymeleafBuilder - Unvalidating resource: /BootBasic/src/main/resources/templates/include/layout01.html
2022-03-28 15:46:15,781 [Worker-147: Building] INFO  o.t.e.e.builder.ThymeleafBuilder - Unvalidating HTML files for Thymeleaf attribute processors.  Build kind: auto
2022-03-28 15:46:15,781 [Worker-147: Building] INFO  o.t.e.e.builder.ThymeleafBuilder - Unvalidating resource: /BootBasic/bin/main/templates/include/layout01.html
2022-03-28 15:46:15,781 [Worker-147: Building] INFO  o.t.e.e.builder.ThymeleafBuilder - Unvalidating resource: /BootBasic/src/main/resources/templates/include/layout01.html
2022-03-28 15:46:59,685 [Worker-144: Building] INFO  o.t.e.e.builder.ThymeleafBuilder - Unvalidating HTML files for Thymeleaf attribute processors.  Build kind: auto
2022-03-28 15:46:59,685 [Worker-144: Building] INFO  o.t.e.e.builder.ThymeleafBuilder - Unvalidating resource: /BootBasic/bin/main/templates/include/layout01.html
2022-03-28 15:46:59,685 [Worker-144: Building] INFO  o.t.e.e.builder.ThymeleafBuilder - Unvalidating resource: /BootBasic/src/main/resources/templates/include/layout01.html
2022-03-28 15:47:53,403 [Worker-150: Building] INFO  o.t.e.e.builder.ThymeleafBuilder - Unvalidating HTML files for Thymeleaf attribute processors.  Build kind: auto
2022-03-28 15:47:53,403 [Worker-150: Building] INFO  o.t.e.e.builder.ThymeleafBuilder - Unvalidating resource: /BootBasic/bin/main/templates/view/ex06.html
2022-03-28 15:47:53,403 [Worker-150: Building] INFO  o.t.e.e.builder.ThymeleafBuilder - Unvalidating resource: /BootBasic/src/main/resources/templates/view/ex06.html
2022-03-28 15:51:35,788 [Worker-153: Building] INFO  o.t.e.e.builder.ThymeleafBuilder - Unvalidating HTML files for Thymeleaf attribute processors.  Build kind: auto
2022-03-28 15:51:35,789 [Worker-153: Building] INFO  o.t.e.e.builder.ThymeleafBuilder - Unvalidating resource: /BootBasic/bin/main/templates/include/layout02.html
2022-03-28 15:51:35,789 [Worker-153: Building] INFO  o.t.e.e.builder.ThymeleafBuilder - Unvalidating resource: /BootBasic/src/main/resources/templates/include/layout02.html
2022-03-28 15:52:40,136 [Worker-152: Building] INFO  o.t.e.e.builder.ThymeleafBuilder - Unvalidating HTML files for Thymeleaf attribute processors.  Build kind: auto
2022-03-28 15:52:40,136 [Worker-152: Building] INFO  o.t.e.e.builder.ThymeleafBuilder - Unvalidating resource: /BootBasic/bin/main/templates/include/layout02.html
2022-03-28 15:52:40,136 [Worker-152: Building] INFO  o.t.e.e.builder.ThymeleafBuilder - Unvalidating resource: /BootBasic/src/main/resources/templates/include/layout02.html
2022-03-28 15:53:07,086 [Worker-152: Building] INFO  o.t.e.e.builder.ThymeleafBuilder - Unvalidating HTML files for Thymeleaf attribute processors.  Build kind: auto
2022-03-28 15:53:07,086 [Worker-152: Building] INFO  o.t.e.e.builder.ThymeleafBuilder - Unvalidating resource: /BootBasic/bin/main/templates/view/ex06.html
2022-03-28 15:53:07,086 [Worker-152: Building] INFO  o.t.e.e.builder.ThymeleafBuilder - Unvalidating resource: /BootBasic/src/main/resources/templates/view/ex06.html
2022-03-28 16:11:40,638 [Worker-154: Building] INFO  o.t.e.e.builder.ThymeleafBuilder - Unvalidating HTML files for Thymeleaf attribute processors.  Build kind: auto
2022-03-28 16:11:40,638 [Worker-154: Building] INFO  o.t.e.e.builder.ThymeleafBuilder - Unvalidating resource: /BootBasic/bin/main/templates/include/layout03.html
2022-03-28 16:11:40,639 [Worker-154: Building] INFO  o.t.e.e.builder.ThymeleafBuilder - Unvalidating resource: /BootBasic/src/main/resources/templates/include/layout03.html
2022-03-28 16:11:59,415 [Worker-157: Building] INFO  o.t.e.e.builder.ThymeleafBuilder - Unvalidating HTML files for Thymeleaf attribute processors.  Build kind: auto
2022-03-28 16:11:59,415 [Worker-157: Building] INFO  o.t.e.e.builder.ThymeleafBuilder - Unvalidating resource: /BootBasic/bin/main/templates/include/layout03.html
2022-03-28 16:11:59,415 [Worker-157: Building] INFO  o.t.e.e.builder.ThymeleafBuilder - Unvalidating resource: /BootBasic/src/main/resources/templates/include/layout03.html
2022-03-28 16:13:20,171 [Worker-154: Building] INFO  o.t.e.e.builder.ThymeleafBuilder - Unvalidating HTML files for Thymeleaf attribute processors.  Build kind: auto
2022-03-28 16:13:20,171 [Worker-154: Building] INFO  o.t.e.e.builder.ThymeleafBuilder - Unvalidating resource: /BootBasic/bin/main/templates/include/layout03.html
2022-03-28 16:13:20,171 [Worker-154: Building] INFO  o.t.e.e.builder.ThymeleafBuilder - Unvalidating resource: /BootBasic/src/main/resources/templates/include/layout03.html
2022-03-28 16:14:47,217 [Worker-158: Building] INFO  o.t.e.e.builder.ThymeleafBuilder - Unvalidating HTML files for Thymeleaf attribute processors.  Build kind: auto
2022-03-28 16:14:47,218 [Worker-158: Building] INFO  o.t.e.e.builder.ThymeleafBuilder - Unvalidating resource: /BootBasic/bin/main/templates/include/layout03.html
2022-03-28 16:14:47,218 [Worker-158: Building] INFO  o.t.e.e.builder.ThymeleafBuilder - Unvalidating resource: /BootBasic/src/main/resources/templates/include/layout03.html
2022-03-28 16:17:33,927 [Worker-160: Building] INFO  o.t.e.e.builder.ThymeleafBuilder - Unvalidating HTML files for Thymeleaf attribute processors.  Build kind: auto
2022-03-28 16:17:33,928 [Worker-160: Building] INFO  o.t.e.e.builder.ThymeleafBuilder - Unvalidating resource: /BootBasic/bin/main/templates/include/layout03.html
2022-03-28 16:17:33,928 [Worker-160: Building] INFO  o.t.e.e.builder.ThymeleafBuilder - Unvalidating resource: /BootBasic/src/main/resources/templates/include/layout03.html
2022-03-28 16:18:08,198 [Worker-154: Building] INFO  o.t.e.e.builder.ThymeleafBuilder - Unvalidating HTML files for Thymeleaf attribute processors.  Build kind: auto
2022-03-28 16:18:08,198 [Worker-154: Building] INFO  o.t.e.e.builder.ThymeleafBuilder - Unvalidating resource: /BootBasic/bin/main/templates/view/ex07.html
2022-03-28 16:18:08,198 [Worker-154: Building] INFO  o.t.e.e.builder.ThymeleafBuilder - Unvalidating resource: /BootBasic/src/main/resources/templates/view/ex07.html
2022-03-28 16:18:21,587 [Worker-161: Building] INFO  o.t.e.e.builder.ThymeleafBuilder - Unvalidating HTML files for Thymeleaf attribute processors.  Build kind: auto
2022-03-28 16:18:21,587 [Worker-161: Building] INFO  o.t.e.e.builder.ThymeleafBuilder - Unvalidating resource: /BootBasic/bin/main/templates/view/ex07.html
2022-03-28 16:18:21,587 [Worker-161: Building] INFO  o.t.e.e.builder.ThymeleafBuilder - Unvalidating resource: /BootBasic/src/main/resources/templates/view/ex07.html
2022-03-28 16:18:27,446 [Worker-163: Building] INFO  o.t.e.e.builder.ThymeleafBuilder - Unvalidating HTML files for Thymeleaf attribute processors.  Build kind: auto
2022-03-28 16:18:27,446 [Worker-163: Building] INFO  o.t.e.e.builder.ThymeleafBuilder - Unvalidating resource: /BootBasic/bin/main/templates/view/ex07.html
2022-03-28 16:18:27,446 [Worker-163: Building] INFO  o.t.e.e.builder.ThymeleafBuilder - Unvalidating resource: /BootBasic/src/main/resources/templates/view/ex07.html
2022-03-28 16:19:29,733 [Worker-164: Building] INFO  o.t.e.e.builder.ThymeleafBuilder - Unvalidating HTML files for Thymeleaf attribute processors.  Build kind: auto
2022-03-28 16:19:29,733 [Worker-164: Building] INFO  o.t.e.e.builder.ThymeleafBuilder - Unvalidating resource: /BootBasic/bin/main/templates/view/ex07.html
2022-03-28 16:19:29,733 [Worker-164: Building] INFO  o.t.e.e.builder.ThymeleafBuilder - Unvalidating resource: /BootBasic/src/main/resources/templates/view/ex07.html
2022-03-28 16:20:57,779 [Worker-164: Building] INFO  o.t.e.e.builder.ThymeleafBuilder - Unvalidating HTML files for Thymeleaf attribute processors.  Build kind: auto
2022-03-28 16:20:57,779 [Worker-164: Building] INFO  o.t.e.e.builder.ThymeleafBuilder - Unvalidating resource: /BootBasic/bin/main/templates/view/ex07.html
2022-03-28 16:20:57,779 [Worker-164: Building] INFO  o.t.e.e.builder.ThymeleafBuilder - Unvalidating resource: /BootBasic/src/main/resources/templates/view/ex07.html
2022-03-28 16:22:07,529 [Worker-154: Building] INFO  o.t.e.e.builder.ThymeleafBuilder - Unvalidating HTML files for Thymeleaf attribute processors.  Build kind: auto
2022-03-28 16:22:07,530 [Worker-154: Building] INFO  o.t.e.e.builder.ThymeleafBuilder - Unvalidating resource: /BootBasic/bin/main/templates/view/ex07.html
2022-03-28 16:22:07,530 [Worker-154: Building] INFO  o.t.e.e.builder.ThymeleafBuilder - Unvalidating resource: /BootBasic/src/main/resources/templates/view/ex07.html
2022-03-28 16:23:17,013 [Worker-161: Building] INFO  o.t.e.e.builder.ThymeleafBuilder - Unvalidating HTML files for Thymeleaf attribute processors.  Build kind: auto
2022-03-28 16:23:17,013 [Worker-161: Building] INFO  o.t.e.e.builder.ThymeleafBuilder - Unvalidating resource: /BootBasic/bin/main/templates/view/ex07.html
2022-03-28 16:23:17,013 [Worker-161: Building] INFO  o.t.e.e.builder.ThymeleafBuilder - Unvalidating resource: /BootBasic/src/main/resources/templates/view/ex07.html
2022-03-28 16:25:33,704 [Worker-164: Building] INFO  o.t.e.e.builder.ThymeleafBuilder - Unvalidating HTML files for Thymeleaf attribute processors.  Build kind: auto
2022-03-28 16:25:33,704 [Worker-164: Building] INFO  o.t.e.e.builder.ThymeleafBuilder - Unvalidating resource: /BootBasic/bin/main/templates/view/ex07.html
2022-03-28 16:25:33,704 [Worker-164: Building] INFO  o.t.e.e.builder.ThymeleafBuilder - Unvalidating resource: /BootBasic/src/main/resources/templates/view/ex07.html
2022-03-28 16:26:59,681 [Worker-165: Building] INFO  o.t.e.e.builder.ThymeleafBuilder - Unvalidating HTML files for Thymeleaf attribute processors.  Build kind: auto
2022-03-28 16:27:09,560 [Worker-165: Building] INFO  o.t.e.e.builder.ThymeleafBuilder - Unvalidating HTML files for Thymeleaf attribute processors.  Build kind: auto
2022-03-28 16:29:50,011 [Worker-165: Building] INFO  o.t.e.e.builder.ThymeleafBuilder - Unvalidating HTML files for Thymeleaf attribute processors.  Build kind: auto
2022-03-28 16:29:50,011 [Worker-165: Building] INFO  o.t.e.e.builder.ThymeleafBuilder - Unvalidating resource: /BootBasic/bin/main/templates/view/ex07.html
2022-03-28 16:29:50,011 [Worker-165: Building] INFO  o.t.e.e.builder.ThymeleafBuilder - Unvalidating resource: /BootBasic/src/main/resources/templates/view/ex07.html
2022-03-28 16:31:58,200 [Worker-170: Building] INFO  o.t.e.e.builder.ThymeleafBuilder - Unvalidating HTML files for Thymeleaf attribute processors.  Build kind: auto
2022-03-28 16:31:58,200 [Worker-170: Building] INFO  o.t.e.e.builder.ThymeleafBuilder - Unvalidating resource: /BootBasic/bin/main/templates/view/ex07.html
2022-03-28 16:31:58,200 [Worker-170: Building] INFO  o.t.e.e.builder.ThymeleafBuilder - Unvalidating resource: /BootBasic/src/main/resources/templates/view/ex07.html
2022-03-28 16:32:05,380 [Worker-170: Building] INFO  o.t.e.e.builder.ThymeleafBuilder - Unvalidating HTML files for Thymeleaf attribute processors.  Build kind: auto
2022-03-28 16:32:05,380 [Worker-170: Building] INFO  o.t.e.e.builder.ThymeleafBuilder - Unvalidating resource: /BootBasic/bin/main/templates/view/ex07.html
2022-03-28 16:32:05,380 [Worker-170: Building] INFO  o.t.e.e.builder.ThymeleafBuilder - Unvalidating resource: /BootBasic/src/main/resources/templates/view/ex07.html
2022-03-28 16:32:10,827 [Worker-173: Building] INFO  o.t.e.e.builder.ThymeleafBuilder - Unvalidating HTML files for Thymeleaf attribute processors.  Build kind: auto
2022-03-28 16:32:10,827 [Worker-173: Building] INFO  o.t.e.e.builder.ThymeleafBuilder - Unvalidating resource: /BootBasic/bin/main/templates/view/ex07.html
2022-03-28 16:32:10,827 [Worker-173: Building] INFO  o.t.e.e.builder.ThymeleafBuilder - Unvalidating resource: /BootBasic/src/main/resources/templates/view/ex07.html
2022-03-28 16:32:49,686 [Worker-173: Building] INFO  o.t.e.e.builder.ThymeleafBuilder - Unvalidating HTML files for Thymeleaf attribute processors.  Build kind: auto
2022-03-28 16:32:49,686 [Worker-173: Building] INFO  o.t.e.e.builder.ThymeleafBuilder - Unvalidating resource: /BootBasic/bin/main/templates/view/ex07.html
2022-03-28 16:32:49,686 [Worker-173: Building] INFO  o.t.e.e.builder.ThymeleafBuilder - Unvalidating resource: /BootBasic/src/main/resources/templates/view/ex07.html
2022-03-28 16:33:09,833 [Worker-171: Building] INFO  o.t.e.e.builder.ThymeleafBuilder - Unvalidating HTML files for Thymeleaf attribute processors.  Build kind: auto
2022-03-28 16:33:09,833 [Worker-171: Building] INFO  o.t.e.e.builder.ThymeleafBuilder - Unvalidating resource: /BootBasic/bin/main/templates/view/ex07.html
2022-03-28 16:33:09,833 [Worker-171: Building] INFO  o.t.e.e.builder.ThymeleafBuilder - Unvalidating resource: /BootBasic/src/main/resources/templates/view/ex07.html
2022-03-28 16:34:01,788 [Worker-172: Building] INFO  o.t.e.e.builder.ThymeleafBuilder - Unvalidating HTML files for Thymeleaf attribute processors.  Build kind: auto
2022-03-28 16:34:01,788 [Worker-172: Building] INFO  o.t.e.e.builder.ThymeleafBuilder - Unvalidating resource: /BootBasic/bin/main/templates/include/layout03.html
2022-03-28 16:34:01,788 [Worker-172: Building] INFO  o.t.e.e.builder.ThymeleafBuilder - Unvalidating resource: /BootBasic/src/main/resources/templates/include/layout03.html
2022-03-28 16:34:15,948 [Worker-173: Building] INFO  o.t.e.e.builder.ThymeleafBuilder - Unvalidating HTML files for Thymeleaf attribute processors.  Build kind: auto
2022-03-28 16:34:15,948 [Worker-173: Building] INFO  o.t.e.e.builder.ThymeleafBuilder - Unvalidating resource: /BootBasic/bin/main/templates/include/layout03.html
2022-03-28 16:34:15,948 [Worker-173: Building] INFO  o.t.e.e.builder.ThymeleafBuilder - Unvalidating resource: /BootBasic/src/main/resources/templates/include/layout03.html
2022-03-28 16:35:50,776 [Worker-171: Building] INFO  o.t.e.e.builder.ThymeleafBuilder - Unvalidating HTML files for Thymeleaf attribute processors.  Build kind: auto
2022-03-28 16:35:50,776 [Worker-171: Building] INFO  o.t.e.e.builder.ThymeleafBuilder - Unvalidating resource: /BootBasic/bin/main/templates/view/ex07.html
2022-03-28 16:35:50,776 [Worker-171: Building] INFO  o.t.e.e.builder.ThymeleafBuilder - Unvalidating resource: /BootBasic/src/main/resources/templates/view/ex07.html
